[master b23d8b6] autocommit 2025-10-12 19:00
 Committer: root <root@cv5349515.novalocal>
Your name and email address were configured automatically based
on your username and hostname. Please check that they are accurate.
You can suppress this message by setting them explicitly. Run the
following command and follow the instructions in your editor to edit
your configuration file:

    git config --global --edit

After doing this, you may fix the identity used for this commit with:

    git commit --amend --reset-author

 5 files changed, 17 insertions(+), 2 deletions(-)
 create mode 100644 _logs/2025-10-12_19-00.txt
 create mode 100644 _logs/autocommit.log
 create mode 100644 _logs/cron.log
 create mode 100644 _logs/gitpull.log
To https://github.com/KirGo-91/wb_control_service.git
   03691fa..b23d8b6  master -> master
[master 4559cfb] autocommit 2025-10-12 20:00
 Committer: root <root@cv5349515.novalocal>
Your name and email address were configured automatically based
on your username and hostname. Please check that they are accurate.
You can suppress this message by setting them explicitly. Run the
following command and follow the instructions in your editor to edit
your configuration file:

    git config --global --edit

After doing this, you may fix the identity used for this commit with:

    git commit --amend --reset-author

 3 files changed, 37 insertions(+)
 create mode 100644 _logs/2025-10-12_20-00.txt
To https://github.com/KirGo-91/wb_control_service.git
   b23d8b6..4559cfb  master -> master
